2025/11/12 21:58:28 [Node3] Connected to peer localhost:5001
2025/11/12 21:58:28 [Node3] Connected to peer localhost:5002
2025/11/12 21:58:30 Failed to send request to peer: rpc error: code = Unavailable desc = connection error: desc = "transport: Error while dialing: dial tcp [::1]:5001: connectex: No connection could be made because the target machine actively refused it."
2025/11/12 21:58:30 Failed to send request to peer: rpc error: code = Unavailable desc = error reading from server: read tcp [::1]:51688->[::1]:5002: wsarecv: An existing connection was forcibly closed by the remote host.
2025/11/12 21:58:30 [Node3] Sent REQUEST to all peers (T=1)
2025/11/12 22:06:06 [Node3] Connected to peer localhost:5001
2025/11/12 22:06:06 [Node3] Connected to peer localhost:5002
2025/11/12 22:06:06 [Node3] Event handler started
2025/11/12 22:06:08 Failed to send request to peer: rpc error: code = Unavailable desc = connection error: desc = "transport: Error while dialing: dial tcp [::1]:5001: connectex: No connection could be made because the target machine actively refused it."
2025/11/12 22:06:08 Failed to send request to peer: rpc error: code = Unavailable desc = connection error: desc = "transport: Error while dialing: dial tcp [::1]:5002: connectex: No connection could be made because the target machine actively refused it."
2025/11/12 22:06:08 [Node3] Sent REQUEST to all peers (T=1)
2025/11/12 22:06:59 [Node3] Received REQUEST from Node1 (T=1)
2025/11/12 22:25:40 [Node3] Connected to peer localhost:5001
2025/11/12 22:25:40 [Node3] Connected to peer localhost:5002
2025/11/12 22:25:40 [Node3] Event handler started
2025/11/12 22:25:42 Failed to send request to peer: rpc error: code = Unavailable desc = error reading from server: read tcp [::1]:61962->[::1]:5001: wsarecv: An existing connection was forcibly closed by the remote host.
2025/11/12 22:25:42 Failed to send request to peer: rpc error: code = Unavailable desc = connection error: desc = "transport: Error while dialing: dial tcp [::1]:5002: connectex: No connection could be made because the target machine actively refused it."
2025/11/12 22:25:42 [Node3] Sent REQUEST to all peers (T=1)
2025/11/12 22:48:16 [Node3] Connected to peer localhost:5001
2025/11/12 22:48:16 [Node3] Connected to peer localhost:5002
2025/11/12 22:48:16 [Node3] Event handler started
2025/11/12 22:48:18 [Node3] Sent REQUEST to all peers (T=1)
2025/11/12 22:48:18 [Node3] Received REPLY from Node1 (T=5)
2025/11/12 23:05:15 [Node3] Connected to peer localhost:5001
2025/11/12 23:05:15 [Node3] Connected to peer localhost:5002
2025/11/12 23:05:25 [Node3] Event handler started
2025/11/12 23:05:25 [Node3] Received REQUEST from Node1 (T=1)
2025/11/12 23:05:25 [Node3] Sent reply to Node1
2025/11/12 23:05:25 [Node3] Received REQUEST from Node2 (T=4)
2025/11/12 23:05:25 [Node3] Sent reply to Node2
2025/11/12 23:05:27 [Node3] Sent REQUEST to all peers (T=7)
2025/11/12 23:05:30 [Node3] Received LEAVE from Node2 (T=10)
2025/11/12 23:05:30 [Node3] Received REPLY from Node2 (T=11)
2025/11/12 23:05:30 [Node3] Received LEAVE from Node1 (T=12)
2025/11/12 23:05:30 [Node3] Received REPLY from Node1 (T=13)
2025/11/12 23:05:30 [Node3] Is in Critical Section
2025/11/12 23:05:30 [Node3] Doing work in cs...
2025/11/12 23:05:35 [Node3] Released CS and sent deferred replies
