2025/11/12 22:06:57 [Node1] Connected to peer localhost:5002
2025/11/12 22:06:57 [Node1] Connected to peer localhost:5003
2025/11/12 22:06:57 [Node1] Event handler started
2025/11/12 22:06:59 Failed to send request to peer: rpc error: code = Unavailable desc = connection error: desc = "transport: Error while dialing: dial tcp [::1]:5002: connectex: No connection could be made because the target machine actively refused it."
2025/11/12 22:07:00 Failed to send request to peer: rpc error: code = Unavailable desc = error reading from server: read tcp [::1]:60730->[::1]:5003: wsarecv: An existing connection was forcibly closed by the remote host.
2025/11/12 22:07:00 [Node1] Sent REQUEST to all peers (T=1)
2025/11/12 22:25:32 [Node1] Connected to peer localhost:5002
2025/11/12 22:25:32 [Node1] Connected to peer localhost:5003
2025/11/12 22:25:33 [Node1] Event handler started
2025/11/12 22:25:35 Failed to send request to peer: rpc error: code = Unavailable desc = connection error: desc = "transport: Error while dialing: dial tcp [::1]:5002: connectex: No connection could be made because the target machine actively refused it."
2025/11/12 22:25:35 Failed to send request to peer: rpc error: code = Unavailable desc = connection error: desc = "transport: Error while dialing: dial tcp [::1]:5003: connectex: No connection could be made because the target machine actively refused it."
2025/11/12 22:25:35 [Node1] Sent REQUEST to all peers (T=1)
2025/11/12 22:25:42 [Node1] Received REQUEST from Node3 (T=1)
2025/11/12 22:46:25 [Node1] Connected to peer localhost:5002
2025/11/12 22:46:25 [Node1] Connected to peer localhost:5003
2025/11/12 22:46:25 [Node1] Event handler started
2025/11/12 22:46:27 Failed to send request to peer: rpc error: code = Unavailable desc = connection error: desc = "transport: Error while dialing: dial tcp [::1]:5003: connectex: No connection could be made because the target machine actively refused it."
2025/11/12 22:46:27 Failed to send request to peer: rpc error: code = Unavailable desc = connection error: desc = "transport: Error while dialing: dial tcp [::1]:5002: connectex: No connection could be made because the target machine actively refused it."
2025/11/12 22:46:27 [Node1] Sent REQUEST to all peers (T=1)
2025/11/12 22:47:10 [Node1] Received REQUEST from Node2 (T=1)
2025/11/12 22:47:10 [Node1] Sent reply to Node2
2025/11/12 22:48:18 [Node1] Received REQUEST from Node3 (T=1)
2025/11/12 22:48:18 [Node1] Sent reply to Node3
2025/11/12 23:05:06 [Node1] Connected to peer localhost:5002
2025/11/12 23:05:06 [Node1] Connected to peer localhost:5003
2025/11/12 23:05:16 [Node1] Event handler started
2025/11/12 23:05:18 [Node1] Received REPLY from Node2 (T=3)
2025/11/12 23:05:18 [Node1] Sent REQUEST to all peers (T=1)
2025/11/12 23:05:19 [Node1] Received REQUEST from Node2 (T=4)
2025/11/12 23:05:19 [Node1] Sent reply to Node2
2025/11/12 23:05:25 [Node1] Received REPLY from Node3 (T=3)
2025/11/12 23:05:25 [Node1] Is in Critical Section
2025/11/12 23:05:25 [Node1] Doing work in cs...
2025/11/12 23:05:27 [Node1] Received REQUEST from Node3 (T=7)
2025/11/12 23:05:27 [Node1] DeferredReplies to Node3
2025/11/12 23:05:30 [Node1] Received LEAVE from Node2 (T=10)
2025/11/12 23:05:30 [Node1] Sent deferred REPLY tp Node3
2025/11/12 23:05:30 [Node1] Released CS and sent deferred replies
2025/11/12 23:05:35 [Node1] Received LEAVE from Node3 (T=15)
