2025/11/12 22:47:07 [Node2] Connected to peer localhost:5001
2025/11/12 22:47:07 [Node2] Connected to peer localhost:5003
2025/11/12 22:47:08 [Node2] Event handler started
2025/11/12 22:47:10 Failed to send request to peer: rpc error: code = Unavailable desc = connection error: desc = "transport: Error while dialing: dial tcp [::1]:5003: connectex: No connection could be made because the target machine actively refused it."
2025/11/12 22:47:10 [Node2] Sent REQUEST to all peers (T=1)
2025/11/12 22:47:10 [Node2] Received REPLY from Node1 (T=3)
2025/11/12 22:48:18 [Node2] Received REQUEST from Node3 (T=1)
2025/11/12 22:48:18 [Node2] Failed to send reply to Node3: rpc error: code = Unavailable desc = connection error: desc = "transport: Error while dialing: dial tcp [::1]:5003: connectex: No connection could be made because the target machine actively refused it."
2025/11/12 23:05:07 [Node2] Connected to peer localhost:5001
2025/11/12 23:05:07 [Node2] Connected to peer localhost:5003
2025/11/12 23:05:17 [Node2] Event handler started
2025/11/12 23:05:18 [Node2] Received REQUEST from Node1 (T=1)
2025/11/12 23:05:18 [Node2] Sent reply to Node1
2025/11/12 23:05:19 [Node2] Received REPLY from Node1 (T=6)
2025/11/12 23:05:19 [Node2] Sent REQUEST to all peers (T=4)
2025/11/12 23:05:25 [Node2] Received REPLY from Node3 (T=6)
2025/11/12 23:05:25 [Node2] Is in Critical Section
2025/11/12 23:05:25 [Node2] Doing work in cs...
2025/11/12 23:05:27 [Node2] Received REQUEST from Node3 (T=7)
2025/11/12 23:05:27 [Node2] DeferredReplies to Node3
2025/11/12 23:05:30 [Node2] Sent deferred REPLY tp Node3
2025/11/12 23:05:30 [Node2] Released CS and sent deferred replies
2025/11/12 23:05:30 [Node2] Received LEAVE from Node1 (T=12)
2025/11/12 23:05:35 [Node2] Received LEAVE from Node3 (T=15)
